<?xml version="1.0" encoding="UTF-8"?>
<!-- Generated by org.testng.reporters.JUnitReportReporter -->
<testsuite hostname="pranii" failures="0" tests="4" name="api.Tests.petTests" time="8.219" errors="0" timestamp="2025-02-13T16:16:30 IST" skipped="0">
  <testcase classname="api.Tests.petTests" name="testPetCreate" time="3.971"/>
  <testcase classname="api.Tests.petTests" name="testGetPetDetails" time="1.273"/>
  <testcase classname="api.Tests.petTests" name="testupdatePetDetails" time="1.374"/>
  <testcase classname="api.Tests.petTests" name="testDeletePetDetails" time="1.601"/>
</testsuite> <!-- api.Tests.petTests -->
