<?xml version="1.0" encoding="UTF-8"?>
<!-- Generated by org.testng.reporters.JUnitReportReporter -->
<testsuite hostname="pranii" failures="0" tests="4" name="api.Tests.userTests" time="9.083" errors="0" timestamp="2025-02-12T18:32:31 IST" skipped="0">
  <testcase classname="api.Tests.userTests" name="testCreateUser" time="3.609"/>
  <testcase classname="api.Tests.userTests" name="testGetUserByName" time="1.331"/>
  <testcase classname="api.Tests.userTests" name="testUpdateUserByName" time="2.877"/>
  <testcase classname="api.Tests.userTests" name="testDeleteUserByName" time="1.266"/>
</testsuite> <!-- api.Tests.userTests -->
