<?xml version="1.0" encoding="UTF-8"?>
<!-- Generated by org.testng.reporters.JUnitReportReporter -->
<testsuite hostname="pranii" failures="0" tests="4" name="api.Tests.userTests" time="10.011" errors="0" timestamp="2025-02-12T21:27:34 IST" skipped="0">
  <testcase classname="api.Tests.userTests" name="testCreateUser" time="3.687"/>
  <testcase classname="api.Tests.userTests" name="testGetUserByName" time="1.692"/>
  <testcase classname="api.Tests.userTests" name="testUpdateUserByName" time="3.048"/>
  <testcase classname="api.Tests.userTests" name="testDeleteUserByName" time="1.584"/>
</testsuite> <!-- api.Tests.userTests -->
